<?xml version="1.0" encoding="UTF-8"?>
<!-- Generated by org.testng.reporters.JUnitReportReporter -->
<testsuite name="com.talentric.Tests.Add_Candidate_Test" tests="1" time="177.248" ignored="0" failures="0" timestamp="24 Jan 2019 11:24:59 GMT" skipped="0" hostname="SIPL-75" errors="0">
  <testcase name="addCandidate" time="177.248" classname="com.talentric.Tests.Add_Candidate_Test"/>
</testsuite> <!-- com.talentric.Tests.Add_Candidate_Test -->
