<?xml version="1.0" encoding="UTF-8"?>
<!-- Generated by org.testng.reporters.JUnitReportReporter -->
<testsuite name="com.talentric.Tests.Interview_Request_Test" tests="1" time="101.371" ignored="0" failures="0" timestamp="17 Jan 2019 10:27:39 GMT" skipped="0" hostname="SIPL-75" errors="0">
  <testcase name="interview_request" time="101.371" classname="com.talentric.Tests.Interview_Request_Test"/>
</testsuite> <!-- com.talentric.Tests.Interview_Request_Test -->
