<?xml version="1.0" encoding="UTF-8"?>
<!-- Generated by org.testng.reporters.JUnitReportReporter -->
<testsuite name="com.talentric.Tests.Change_Status_RTL_Test" tests="1" time="124.608" ignored="0" failures="0" timestamp="24 Jan 2019 09:34:45 GMT" skipped="0" hostname="SIPL-75" errors="0">
  <testcase name="addNewRequisition" time="124.608" classname="com.talentric.Tests.Change_Status_RTL_Test"/>
</testsuite> <!-- com.talentric.Tests.Change_Status_RTL_Test -->
