<?xml version="1.0" encoding="UTF-8"?>
<!-- Generated by org.testng.reporters.JUnitReportReporter -->
<testsuite name="com.talentric.Tests.Login_Test" tests="1" time="30.081" ignored="0" failures="0" timestamp="16 Jan 2019 04:50:16 GMT" skipped="0" hostname="SIPL-75" errors="0">
  <testcase name="TC_Login" time="30.081" classname="com.talentric.Tests.Login_Test"/>
</testsuite> <!-- com.talentric.Tests.Login_Test -->
