<?xml version="1.0" encoding="UTF-8"?>
<!-- Generated by org.testng.reporters.JUnitReportReporter -->
<testsuite name="com.talentric.Tests.Add_Requisition_Test" tests="1" time="141.414" ignored="0" failures="0" timestamp="25 Jan 2019 11:46:25 GMT" skipped="0" hostname="SIPL-75" errors="0">
  <testcase name="addNewRequisition" time="141.414" classname="com.talentric.Tests.Add_Requisition_Test"/>
</testsuite> <!-- com.talentric.Tests.Add_Requisition_Test -->
