<?xml version="1.0" encoding="UTF-8"?>
<!-- Generated by org.testng.reporters.JUnitReportReporter -->
<testsuite name="com.talentric.Utilities.Create_TestNGXML" tests="1" time="149.003" ignored="0" failures="0" timestamp="25 Jan 2019 11:46:26 GMT" skipped="0" hostname="SIPL-75" errors="0">
  <testcase name="createXMLfile" time="149.003" classname="com.talentric.Utilities.Create_TestNGXML"/>
</testsuite> <!-- com.talentric.Utilities.Create_TestNGXML -->
